<?xml version="1.0" encoding="UTF-8"?>
<!-- Generated by org.testng.reporters.JUnitReportReporter -->
<testsuite skipped="0" hostname="DESKTOP-DON1SDF" name="Testrunner.testrunner" tests="1" failures="0" timestamp="04 Aug 2019 11:41:07 GMT" time="14.304" errors="0">
  <testcase name="feature" time="14.304" classname="Testrunner.testrunner"/>
</testsuite> <!-- Testrunner.testrunner -->
